This is pdfTeX, Version 3.1415926-2.4-1.40.13 (TeX Live 2012) (format=latex 2013.6.3)  7 JAN 2015 15:51
entering extended mode
 restricted \write18 enabled.
 %&-line parsing enabled.
**taf_shortDoc.tex
(./taf_shortDoc.tex
LaTeX2e <2011/06/27>
Babel <v3.8m> and hyphenation patterns for english, dumylang, nohyphenation, ge
rman-x-2012-05-30, ngerman-x-2012-05-30, afrikaans, ancientgreek, ibycus, arabi
c, armenian, basque, bulgarian, catalan, pinyin, coptic, croatian, czech, danis
h, dutch, ukenglish, usenglishmax, esperanto, estonian, ethiopic, farsi, finnis
h, french, friulan, galician, german, ngerman, swissgerman, monogreek, greek, h
ungarian, icelandic, assamese, bengali, gujarati, hindi, kannada, malayalam, ma
rathi, oriya, panjabi, tamil, telugu, indonesian, interlingua, irish, italian, 
kurmanji, latin, latvian, lithuanian, mongolian, mongolianlmc, bokmal, nynorsk,
 polish, portuguese, romanian, romansh, russian, sanskrit, serbian, serbianc, s
lovak, slovenian, spanish, swedish, turkish, turkmen, ukrainian, uppersorbian, 
welsh, loaded.
(/usr/local/texlive/2012/texmf-dist/tex/latex/base/article.cls
Document Class: article 2007/10/19 v1.4h Standard LaTeX document class
(/usr/local/texlive/2012/texmf-dist/tex/latex/base/size12.clo
File: size12.clo 2007/10/19 v1.4h Standard LaTeX file (size option)
)
\c@part=\count79
\c@section=\count80
\c@subsection=\count81
\c@subsubsection=\count82
\c@paragraph=\count83
\c@subparagraph=\count84
\c@figure=\count85
\c@table=\count86
\abovecaptionskip=\skip41
\belowcaptionskip=\skip42
\bibindent=\dimen102
)
(/usr/local/texlive/2012/texmf-dist/tex/latex/base/inputenc.sty
Package: inputenc 2008/03/30 v1.1d Input encoding file
\inpenc@prehook=\toks14
\inpenc@posthook=\toks15

(/usr/local/texlive/2012/texmf-dist/tex/latex/base/latin1.def
File: latin1.def 2008/03/30 v1.1d Input encoding file
))
(/usr/local/texlive/2012/texmf-dist/tex/generic/babel/babel.sty
Package: babel 2008/07/08 v3.8m The Babel package

(/usr/local/texlive/2012/texmf-dist/tex/generic/babel/english.ldf
Language: english 2005/03/30 v3.3o English support from the babel system

(/usr/local/texlive/2012/texmf-dist/tex/generic/babel/babel.def
File: babel.def 2008/07/08 v3.8m Babel common definitions
\babel@savecnt=\count87
\U@D=\dimen103
)
\l@canadian = a dialect from \language\l@american 
\l@australian = a dialect from \language\l@british 
\l@newzealand = a dialect from \language\l@british 
))
(/usr/local/texlive/2012/texmf-dist/tex/latex/amsfonts/amssymb.sty
Package: amssymb 2009/06/22 v3.00

(/usr/local/texlive/2012/texmf-dist/tex/latex/amsfonts/amsfonts.sty
Package: amsfonts 2009/06/22 v3.00 Basic AMSFonts support
\@emptytoks=\toks16
\symAMSa=\mathgroup4
\symAMSb=\mathgroup5
LaTeX Font Info:    Overwriting math alphabet `\mathfrak' in version `bold'
(Font)                  U/euf/m/n --> U/euf/b/n on input line 96.
))
(/usr/local/texlive/2012/texmf-dist/tex/latex/tools/bm.sty
Package: bm 2004/02/26 v1.1c Bold Symbol Support (DPC/FMi)
\symboldoperators=\mathgroup6
\symboldletters=\mathgroup7
\symboldsymbols=\mathgroup8
LaTeX Font Info:    Redeclaring math alphabet \mathbf on input line 138.
LaTeX Info: Redefining \bm on input line 204.
)
(/usr/local/texlive/2012/texmf-dist/tex/latex/graphics/graphicx.sty
Package: graphicx 1999/02/16 v1.0f Enhanced LaTeX Graphics (DPC,SPQR)

(/usr/local/texlive/2012/texmf-dist/tex/latex/graphics/keyval.sty
Package: keyval 1999/03/16 v1.13 key=value parser (DPC)
\KV@toks@=\toks17
)
(/usr/local/texlive/2012/texmf-dist/tex/latex/graphics/graphics.sty
Package: graphics 2009/02/05 v1.0o Standard LaTeX Graphics (DPC,SPQR)

(/usr/local/texlive/2012/texmf-dist/tex/latex/graphics/trig.sty
Package: trig 1999/03/16 v1.09 sin cos tan (DPC)
)
(/usr/local/texlive/2012/texmf-dist/tex/latex/latexconfig/graphics.cfg
File: graphics.cfg 2010/04/23 v1.9 graphics configuration of TeX Live
)
Package graphics Info: Driver file: dvips.def on input line 91.

(/usr/local/texlive/2012/texmf-dist/tex/latex/graphics/dvips.def
File: dvips.def 1999/02/16 v3.0i Driver-dependant file (DPC,SPQR)
))
\Gin@req@height=\dimen104
\Gin@req@width=\dimen105
)
(/usr/local/texlive/2012/texmf-dist/tex/latex/graphics/epsfig.sty
Package: epsfig 1999/02/16 v1.7a (e)psfig emulation (SPQR)
\epsfxsize=\dimen106
\epsfysize=\dimen107
)
(/usr/local/texlive/2012/texmf-dist/tex/latex/subfigure/subfigure.sty
Package: subfigure 2002/03/15 v2.1.5 subfigure package
\subfigtopskip=\skip43
\subfigcapskip=\skip44
\subfigcaptopadj=\dimen108
\subfigbottomskip=\skip45
\subfigcapmargin=\dimen109
\subfiglabelskip=\skip46
\c@subfigure=\count88
\c@lofdepth=\count89
\c@subtable=\count90
\c@lotdepth=\count91

****************************************
* Local config file subfigure.cfg used *
****************************************
(/usr/local/texlive/2012/texmf-dist/tex/latex/subfigure/subfigure.cfg)
\subfig@top=\skip47
\subfig@bottom=\skip48
)
(/usr/local/texlive/2012/texmf-dist/tex/latex/hyperref/hyperref.sty
Package: hyperref 2012/05/13 v6.82q Hypertext links for LaTeX

(/usr/local/texlive/2012/texmf-dist/tex/generic/oberdiek/hobsub-hyperref.sty
Package: hobsub-hyperref 2012/05/28 v1.13 Bundle oberdiek, subset hyperref (HO)


(/usr/local/texlive/2012/texmf-dist/tex/generic/oberdiek/hobsub-generic.sty
Package: hobsub-generic 2012/05/28 v1.13 Bundle oberdiek, subset generic (HO)
Package: hobsub 2012/05/28 v1.13 Construct package bundles (HO)
Package: infwarerr 2010/04/08 v1.3 Providing info/warning/error messages (HO)
Package: ltxcmds 2011/11/09 v1.22 LaTeX kernel commands for general use (HO)
Package: ifluatex 2010/03/01 v1.3 Provides the ifluatex switch (HO)
Package ifluatex Info: LuaTeX not detected.
Package: ifvtex 2010/03/01 v1.5 Detect VTeX and its facilities (HO)
Package ifvtex Info: VTeX not detected.
Package: intcalc 2007/09/27 v1.1 Expandable calculations with integers (HO)
Package: ifpdf 2011/01/30 v2.3 Provides the ifpdf switch (HO)
Package ifpdf Info: pdfTeX in PDF mode is not detected.
Package: etexcmds 2011/02/16 v1.5 Avoid name clashes with e-TeX commands (HO)
Package etexcmds Info: Could not find \expanded.
(etexcmds)             That can mean that you are not using pdfTeX 1.50 or
(etexcmds)             that some package has redefined \expanded.
(etexcmds)             In the latter case, load this package earlier.
Package: kvsetkeys 2012/04/25 v1.16 Key value parser (HO)
Package: kvdefinekeys 2011/04/07 v1.3 Define keys (HO)
Package: pdftexcmds 2011/11/29 v0.20 Utility functions of pdfTeX for LuaTeX (HO
)
Package pdftexcmds Info: LuaTeX not detected.
Package pdftexcmds Info: \pdf@primitive is available.
Package pdftexcmds Info: \pdf@ifprimitive is available.
Package pdftexcmds Info: \pdfdraftmode is ignored in DVI mode.
Package: pdfescape 2011/11/25 v1.13 Implements pdfTeX's escape features (HO)
Package: bigintcalc 2012/04/08 v1.3 Expandable calculations on big integers (HO
)
Package: bitset 2011/01/30 v1.1 Handle bit-vector datatype (HO)
Package: uniquecounter 2011/01/30 v1.2 Provide unlimited unique counter (HO)
)
Package hobsub Info: Skipping package `hobsub' (already loaded).
Package: letltxmacro 2010/09/02 v1.4 Let assignment for LaTeX macros (HO)
Package: hopatch 2012/05/28 v1.2 Wrapper for package hooks (HO)
Package: xcolor-patch 2011/01/30 xcolor patch
Package: atveryend 2011/06/30 v1.8 Hooks at the very end of document (HO)
Package atveryend Info: \enddocument detected (standard20110627).
Package: atbegshi 2011/10/05 v1.16 At begin shipout hook (HO)
Package: refcount 2011/10/16 v3.4 Data extraction from label references (HO)
Package: hycolor 2011/01/30 v1.7 Color options for hyperref/bookmark (HO)
)
(/usr/local/texlive/2012/texmf-dist/tex/generic/ifxetex/ifxetex.sty
Package: ifxetex 2010/09/12 v0.6 Provides ifxetex conditional
)
(/usr/local/texlive/2012/texmf-dist/tex/latex/oberdiek/kvoptions.sty
Package: kvoptions 2011/06/30 v3.11 Key value format for package options (HO)
)
\@linkdim=\dimen110
\Hy@linkcounter=\count92
\Hy@pagecounter=\count93

(/usr/local/texlive/2012/texmf-dist/tex/latex/hyperref/pd1enc.def
File: pd1enc.def 2012/05/13 v6.82q Hyperref: PDFDocEncoding definition (HO)
)
\Hy@SavedSpaceFactor=\count94

(/usr/local/texlive/2012/texmf-dist/tex/latex/latexconfig/hyperref.cfg
File: hyperref.cfg 2002/06/06 v1.2 hyperref configuration of TeXLive
)
Package hyperref Info: Hyper figures OFF on input line 4062.
Package hyperref Info: Link nesting OFF on input line 4067.
Package hyperref Info: Hyper index ON on input line 4070.
Package hyperref Info: Plain pages OFF on input line 4077.
Package hyperref Info: Backreferencing OFF on input line 4082.
Package hyperref Info: Implicit mode ON; LaTeX internals redefined.
Package hyperref Info: Bookmarks ON on input line 4300.
\c@Hy@tempcnt=\count95

(/usr/local/texlive/2012/texmf-dist/tex/latex/url/url.sty
\Urlmuskip=\muskip10
Package: url 2006/04/12  ver 3.3  Verb mode for urls, etc.
)
LaTeX Info: Redefining \url on input line 4653.
\Fld@menulength=\count96
\Field@Width=\dimen111
\Fld@charsize=\dimen112
Package hyperref Info: Hyper figures OFF on input line 5773.
Package hyperref Info: Link nesting OFF on input line 5778.
Package hyperref Info: Hyper index ON on input line 5781.
Package hyperref Info: backreferencing OFF on input line 5788.
Package hyperref Info: Link coloring OFF on input line 5793.
Package hyperref Info: Link coloring with OCG OFF on input line 5798.
Package hyperref Info: PDF/A mode OFF on input line 5803.
LaTeX Info: Redefining \ref on input line 5843.
LaTeX Info: Redefining \pageref on input line 5847.
\Hy@abspage=\count97
\c@Item=\count98
\c@Hfootnote=\count99
)

Package hyperref Message: Driver (default): hdvips.

(/usr/local/texlive/2012/texmf-dist/tex/latex/hyperref/hdvips.def
File: hdvips.def 2012/05/13 v6.82q Hyperref driver for dvips

(/usr/local/texlive/2012/texmf-dist/tex/latex/hyperref/pdfmark.def
File: pdfmark.def 2012/05/13 v6.82q Hyperref definitions for pdfmark specials
\pdf@docset=\toks18
\pdf@box=\box26
\pdf@toks=\toks19
\pdf@defaulttoks=\toks20
\Fld@listcount=\count100
\c@bookmark@seq@number=\count101

(/usr/local/texlive/2012/texmf-dist/tex/latex/oberdiek/rerunfilecheck.sty
Package: rerunfilecheck 2011/04/15 v1.7 Rerun checks for auxiliary files (HO)
Package uniquecounter Info: New unique counter `rerunfilecheck' on input line 2
82.
)
\Hy@SectionHShift=\skip49
))
Package hyperref Info: Option `colorlinks' set `true' on input line 50.


Package hyperref Warning: Option `bookmarks' has already been used,
(hyperref)                setting the option has no effect on input line 50.

Package hyperref Info: Option `bookmarksopen' set `true' on input line 50.
(./taf_shortDoc.aux)
\openout1 = `taf_shortDoc.aux'.

LaTeX Font Info:    Checking defaults for OML/cmm/m/it on input line 54.
LaTeX Font Info:    ... okay on input line 54.
LaTeX Font Info:    Checking defaults for T1/cmr/m/n on input line 54.
LaTeX Font Info:    ... okay on input line 54.
LaTeX Font Info:    Checking defaults for OT1/cmr/m/n on input line 54.
LaTeX Font Info:    ... okay on input line 54.
LaTeX Font Info:    Checking defaults for OMS/cmsy/m/n on input line 54.
LaTeX Font Info:    ... okay on input line 54.
LaTeX Font Info:    Checking defaults for OMX/cmex/m/n on input line 54.
LaTeX Font Info:    ... okay on input line 54.
LaTeX Font Info:    Checking defaults for U/cmr/m/n on input line 54.
LaTeX Font Info:    ... okay on input line 54.
LaTeX Font Info:    Checking defaults for PD1/pdf/m/n on input line 54.
LaTeX Font Info:    ... okay on input line 54.
\AtBeginShipoutBox=\box27

(/usr/local/texlive/2012/texmf-dist/tex/latex/graphics/color.sty
Package: color 2005/11/14 v1.0j Standard LaTeX Color (DPC)

(/usr/local/texlive/2012/texmf-dist/tex/latex/latexconfig/color.cfg
File: color.cfg 2007/01/18 v1.5 color configuration of teTeX/TeXLive
)
Package color Info: Driver file: dvips.def on input line 130.

(/usr/local/texlive/2012/texmf-dist/tex/latex/graphics/dvipsnam.def
File: dvipsnam.def 1999/02/16 v3.0i Driver-dependant file (DPC,SPQR)
))
Package hyperref Info: Link coloring ON on input line 54.

(/usr/local/texlive/2012/texmf-dist/tex/latex/hyperref/nameref.sty
Package: nameref 2010/04/30 v2.40 Cross-referencing by name of section

(/usr/local/texlive/2012/texmf-dist/tex/generic/oberdiek/gettitlestring.sty
Package: gettitlestring 2010/12/03 v1.4 Cleanup title references (HO)
)
\c@section@level=\count102
)
LaTeX Info: Redefining \ref on input line 54.
LaTeX Info: Redefining \pageref on input line 54.
LaTeX Info: Redefining \nameref on input line 54.

(./taf_shortDoc.out) (./taf_shortDoc.out)
\@outlinefile=\write3
\openout3 = `taf_shortDoc.out'.

File: /Users/jeromeb/Pictures/logo/logoTAF.eps Graphic file (type eps)

</Users/jeromeb/Pictures/logo/logoTAF.eps>
LaTeX Font Info:    Try loading font information for U+msa on input line 62.

(/usr/local/texlive/2012/texmf-dist/tex/latex/amsfonts/umsa.fd
File: umsa.fd 2009/06/22 v3.00 AMS symbols A
)
LaTeX Font Info:    Try loading font information for U+msb on input line 62.

(/usr/local/texlive/2012/texmf-dist/tex/latex/amsfonts/umsb.fd
File: umsb.fd 2009/06/22 v3.00 AMS symbols B
)
(./taf_shortDoc.toc)
\tf@toc=\write4
\openout4 = `taf_shortDoc.toc'.

 [1

]
Underfull \hbox (badness 10000) in paragraph at lines 101--104

 []


Underfull \hbox (badness 10000) in paragraph at lines 105--108

 []


LaTeX Warning: Reference `secInstall, secConfig, secReader, secRunning' on page
 2 undefined on input line 112.


LaTeX Warning: Reference `secNoise, secAlign, secEbyE, secRawdata, secAnalysis,
 secSimulation' on page 2 undefined on input line 112.


LaTeX Warning: Reference `secGeometry, secAlgorithms' on page 2 undefined on in
put line 112.

[2]
Underfull \hbox (badness 10000) in paragraph at lines 136--142
\OT1/cmr/m/n/12 The code can be ob-tained from a tar file at the lo-ca-tion
 []


Underfull \hbox (badness 1259) in paragraph at lines 136--142
[][][][][][]\OT1/cmr/m/n/12 , or from the in-ter-nal IPHC
 []


Underfull \hbox (badness 10000) in paragraph at lines 136--142

 []

LaTeX Font Info:    Try loading font information for OMS+cmr on input line 149.

(/usr/local/texlive/2012/texmf-dist/tex/latex/base/omscmr.fd
File: omscmr.fd 1999/05/25 v2.5h Standard LaTeX font definitions
)
LaTeX Font Info:    Font shape `OMS/cmr/m/n' in size <12> not available
(Font)              Font shape `OMS/cmsy/m/n' tried instead on input line 149.
 [3]
Underfull \hbox (badness 10000) in paragraph at lines 163--166

 []


Underfull \hbox (badness 10000) in paragraph at lines 170--173

 []


Underfull \hbox (badness 10000) in paragraph at lines 192--193

 []

[4]
Underfull \hbox (badness 10000) in paragraph at lines 194--196

 []


Underfull \hbox (badness 10000) in paragraph at lines 197--200

 []


Underfull \hbox (badness 10000) in paragraph at lines 201--204

 []


LaTeX Warning: Reference `subsecElelment' on page 5 undefined on input line 216
.


Underfull \hbox (badness 10000) in paragraph at lines 216--217

 []

[5]
Underfull \hbox (badness 10000) in paragraph at lines 238--239

 []

[6]
Underfull \hbox (badness 10000) in paragraph at lines 266--269

 []


Underfull \hbox (badness 10000) in paragraph at lines 271--274

 []


Underfull \hbox (badness 10000) in paragraph at lines 275--277

 []


Underfull \hbox (badness 10000) in paragraph at lines 278--281

 []


Underfull \hbox (badness 10000) in paragraph at lines 290--291
[]\OT1/cmtt/m/n/12 TAF -run myRunNumber \OT1/cmr/m/n/12 starts \OT1/cmr/bx/n/12
 TAF \OT1/cmr/m/n/12 and launches au-to-mat-i-cally the
 []


Underfull \hbox (badness 7486) in paragraph at lines 292--293
[]\OT1/cmtt/m/n/12 TAF -run myRunNumber -guiw \OT1/cmr/m/n/12 starts \OT1/cmr/b
x/n/12 TAF \OT1/cmr/m/n/12 and launches au-to-mat-i-cally the
 []


Underfull \hbox (badness 7486) in paragraph at lines 293--294
[]\OT1/cmtt/m/n/12 TAF -run myRunNumber -guix \OT1/cmr/m/n/12 starts \OT1/cmr/b
x/n/12 TAF \OT1/cmr/m/n/12 and launches au-to-mat-i-cally the
 []

[7]
Underfull \hbox (badness 10000) in paragraph at lines 302--305

 []


Underfull \hbox (badness 10000) in paragraph at lines 339--345

 []

[8]
Underfull \hbox (badness 10000) in paragraph at lines 367--369

 []

[9]
Underfull \hbox (badness 10000) in paragraph at lines 377--378

 []


Underfull \hbox (badness 10000) in paragraph at lines 379--381

 []

[10]
Underfull \hbox (badness 10000) in paragraph at lines 426--429

 []

[11]
Underfull \hbox (badness 10000) in paragraph at lines 451--454

 []


Underfull \hbox (badness 10000) in paragraph at lines 470--473

 []


Underfull \hbox (badness 10000) in paragraph at lines 474--481

 []

[12]
Underfull \hbox (badness 10000) in paragraph at lines 492--494

 []


Underfull \hbox (badness 2012) in paragraph at lines 495--498
\OT1/cmr/m/n/12 get more printed out-put with the \OT1/cmtt/m/n/12 Toggle Verbo
sity \OT1/cmr/m/n/12 but-ton (for de-bug-ging, use
 []


Underfull \hbox (badness 10000) in paragraph at lines 495--498

 []


Underfull \hbox (badness 10000) in paragraph at lines 499--501

 []


Underfull \hbox (badness 10000) in paragraph at lines 502--505

 []


Underfull \hbox (badness 10000) in paragraph at lines 512--514

 []


Underfull \hbox (badness 10000) in paragraph at lines 523--525

 []

[13]
Underfull \hbox (badness 10000) in paragraph at lines 534--539

 []


Underfull \hbox (badness 10000) in paragraph at lines 540--543

 []


Underfull \hbox (badness 1881) in paragraph at lines 561--563
\OT1/cmr/m/n/12 Additionally, the file con-tain-ing the \OT1/cmtt/m/n/12 TTree 
\OT1/cmr/m/n/12 which will be an-a-lyzed is by de-fault
 []


Underfull \hbox (badness 10000) in paragraph at lines 561--563

 []

[14]
Underfull \hbox (badness 10000) in paragraph at lines 584--586

 []

[15]
Underfull \hbox (badness 10000) in paragraph at lines 603--605

 []


Underfull \hbox (badness 10000) in paragraph at lines 616--618

 []

[16]
Underfull \hbox (badness 10000) in paragraph at lines 653--655

 []


Underfull \hbox (badness 10000) in paragraph at lines 662--665

 []


Underfull \hbox (badness 10000) in paragraph at lines 672--675

 []

[17]
Underfull \hbox (badness 10000) in paragraph at lines 689--691

 []


Underfull \hbox (badness 10000) in paragraph at lines 719--721

 []


Underfull \hbox (badness 10000) in paragraph at lines 731--734

 []

[18]
Underfull \hbox (badness 10000) in paragraph at lines 741--746

 []


Underfull \hbox (badness 10000) in paragraph at lines 747--752

 []


Underfull \hbox (badness 10000) in paragraph at lines 769--772

 []


Underfull \hbox (badness 5175) in paragraph at lines 778--781
\OT1/cmr/m/n/12 In or-der to vi-su-al-ize the plane po-si-tions and ori-en-ta-t
ion, use the com-mand:
 []

[19]
Underfull \hbox (badness 10000) in paragraph at lines 828--830

 []


Underfull \hbox (badness 10000) in paragraph at lines 831--835

 []


Underfull \hbox (badness 10000) in paragraph at lines 836--839

 []

[20]
Underfull \hbox (badness 10000) in paragraph at lines 840--842

 []


Underfull \hbox (badness 7777) in paragraph at lines 850--851
[]\OT1/cmtt/m/n/12 HitFinder=1\OT1/cmr/m/n/12 : dy-namic clus-ter-ing al-go-rit
hm im-ple-mented in the method
 []


Underfull \hbox (badness 10000) in paragraph at lines 866--867

 []

[21]
Underfull \hbox (badness 10000) in paragraph at lines 883--886

 []


Underfull \hbox (badness 10000) in paragraph at lines 909--911

 []


Underfull \hbox (badness 10000) in paragraph at lines 912--917

 []

[22]
Underfull \hbox (badness 10000) in paragraph at lines 918--922

 []


Underfull \hbox (badness 10000) in paragraph at lines 923--927

 []


Underfull \hbox (badness 10000) in paragraph at lines 938--940

 []


Underfull \hbox (badness 10000) in paragraph at lines 947--949

 []

[23]
Underfull \hbox (badness 10000) in paragraph at lines 950--953

 []


Underfull \hbox (badness 10000) in paragraph at lines 981--986

 []


Underfull \hbox (badness 1584) in paragraph at lines 991--993
\OT1/cmr/m/n/12 The track find-ing based on it-er-a-tive ex-trap-o-la-tion is i
m-ple-mented in the method
 []


Underfull \hbox (badness 10000) in paragraph at lines 999--1002

 []

[24]
Underfull \hbox (badness 10000) in paragraph at lines 1011--1012

 []


Underfull \hbox (badness 10000) in paragraph at lines 1013--1015

 []

[25] [26] [27]
Underfull \hbox (badness 10000) in paragraph at lines 1125--1126

 []


Underfull \hbox (badness 10000) in paragraph at lines 1127--1134

 []

[28]
Underfull \hbox (badness 10000) in paragraph at lines 1167--1172

 []

[29]
Underfull \hbox (badness 10000) in paragraph at lines 1197--1199

 []


Underfull \hbox (badness 10000) in paragraph at lines 1200--1201

 []


Underfull \hbox (badness 10000) in paragraph at lines 1202--1205

 []


Underfull \hbox (badness 10000) in paragraph at lines 1206--1207

 []

[30] [31]
Underfull \hbox (badness 10000) in paragraph at lines 1233--1235

 []


Overfull \hbox (24.52979pt too wide) in paragraph at lines 1644--1644
[]\OT1/cmtt/m/n/12 // #########################################################
####################[] 
 []


Overfull \hbox (24.52979pt too wide) in paragraph at lines 1644--1644
[]\OT1/cmtt/m/n/12 // #########################################################
####################[] 
 []


Overfull \hbox (382.67996pt too wide) in paragraph at lines 1644--1644
[]\OT1/cmtt/m/n/12 // DataSubDirPrefix = [optional] (char) {""} sub directory f
or data files, stored in DataPath/DataSubDirPrefixXXX/ with XXX the run number[
] 
 []


Overfull \hbox (129.50484pt too wide) in paragraph at lines 1644--1644
[]\OT1/cmtt/m/n/12 // RunNumber        = [OBSOLETE]   RunNumber is get from DSe
ssion, set via gTAF->InitSession(...)[] 
 []


Overfull \hbox (598.80507pt too wide) in paragraph at lines 1644--1644
[]\OT1/cmtt/m/n/12 // NoiseRun         = [optional] (int) {0}  defines either t
he file with the noise for each pixel, or a specific method to remove noisy pix
els (see DGlobalTools::VetoPixels)[] 
 []


Overfull \hbox (24.52979pt too wide) in paragraph at lines 1644--1644
[]\OT1/cmtt/m/n/12 // ---------------------------------------------------------
--------------------[] 
 []


Overfull \hbox (24.52979pt too wide) in paragraph at lines 1644--1644
[]\OT1/cmtt/m/n/12 // #########################################################
####################[] 
 []


Overfull \hbox (24.52979pt too wide) in paragraph at lines 1644--1644
[]\OT1/cmtt/m/n/12 // #########################################################
####################[] 
 []


Overfull \hbox (36.87979pt too wide) in paragraph at lines 1644--1644
[]\OT1/cmtt/m/n/12 // Planes                  = [MANDATORY] (int)       the nb 
of planes in the setup[] 
 []


Overfull \hbox (240.65489pt too wide) in paragraph at lines 1644--1644
[]\OT1/cmtt/m/n/12 // Ladders                 = [optional]  (int) {0}   the nb 
of ladders in the setup (may encompass several sensors)[] 
 []


Overfull \hbox (345.62994pt too wide) in paragraph at lines 1644--1644
[]\OT1/cmtt/m/n/12 // TimeLimit               = [optional]  (int) {0}   for sen
sor with timestamping, defines the maximum duration of a triggered event[] 
 []


Overfull \hbox (537.05504pt too wide) in paragraph at lines 1644--1644
[]\OT1/cmtt/m/n/12 // Resolution              = [optional]  (float,um) {-1.} th
e knonw spatial resolution in um of the reference planes, use 4.00 for MIMOSA 2
6 and 1.00 for MIMOSA 18[] 
 []


Overfull \hbox (302.40492pt too wide) in paragraph at lines 1644--1644
[]\OT1/cmtt/m/n/12 // HitsInPlaneMaximum      = [MANDATORY] (int)       the nb 
hits which will be reconstruted in each plane, 0 : not clustering[] 
 []


Overfull \hbox (135.67984pt too wide) in paragraph at lines 1644--1644
[]\OT1/cmtt/m/n/12 //                                                  1 memori
se untracked hits between 2 evenements[] 
 []


Overfull \hbox (419.72998pt too wide) in paragraph at lines 1644--1644
[]\OT1/cmtt/m/n/12 // TracksMaximum           = [optional]  (int) {0}   the max
imum nb of tracks which will be reconstructed, if set to 0, no tracking is perf
ormed[] 
 []


Overfull \hbox (24.52979pt too wide) in paragraph at lines 1644--1644
[]\OT1/cmtt/m/n/12 // TracksFinder             = [optional]  (int) {0}   select
 the tracking method[] 
 []

[32]
Overfull \hbox (148.02985pt too wide) in paragraph at lines 1644--1644
[]\OT1/cmtt/m/n/12 //                                                   0 for t
he original track finder : find_tracks()[] 
 []


Overfull \hbox (333.27994pt too wide) in paragraph at lines 1644--1644
[]\OT1/cmtt/m/n/12 //                                                   1 for t
he one based on find_tracks but with more options: find_tracks_1_opt()[] 
 []


Overfull \hbox (308.57993pt too wide) in paragraph at lines 1644--1644
[]\OT1/cmtt/m/n/12 //                                                   2 for t
he one adapted for Interaction Vertex Imaging: find_tracks_2_ivi()[] 
 []


Overfull \hbox (61.5798pt too wide) in paragraph at lines 1644--1644
[]\OT1/cmtt/m/n/12 // PlanesForTrackMinimum   = [MANDATORY if TracksMaximum!=0 
&& TracksFinder==0 ] (int)[] 
 []


Overfull \hbox (104.80482pt too wide) in paragraph at lines 1644--1644
[]\OT1/cmtt/m/n/12 //                                                   the min
 nb hits required to make a track[] 
 []


Overfull \hbox (61.5798pt too wide) in paragraph at lines 1644--1644
[]\OT1/cmtt/m/n/12 // HitsNbMinForPreTrack    = [MANDATORY if TracksMaximum!=0 
&& TracksFinder==2 ] (int)[] 
 []


Overfull \hbox (129.50484pt too wide) in paragraph at lines 1644--1644
[]\OT1/cmtt/m/n/12 //                                                   the min
 nb hits required to make a pre-track[] 
 []


Overfull \hbox (61.5798pt too wide) in paragraph at lines 1644--1644
[]\OT1/cmtt/m/n/12 // HitsNbMinForFullTrack   = [MANDATORY if TracksMaximum!=0 
&& TracksFinder==2 ] (int)[] 
 []


Overfull \hbox (148.02985pt too wide) in paragraph at lines 1644--1644
[]\OT1/cmtt/m/n/12 //                                                   the min
 nb hits required to make the full-track[] 
 []


Overfull \hbox (55.4048pt too wide) in paragraph at lines 1644--1644
[]\OT1/cmtt/m/n/12 // HitsInPlaneTrackMaximum = [MANDATORY if TracksMaximum!=0 
&& TracksFinder==0] (int)[] 
 []


Overfull \hbox (314.75493pt too wide) in paragraph at lines 1644--1644
[]\OT1/cmtt/m/n/12 //                                                   the max
 nb hits in a plane allowed to consider using its hits for tracking[] 
 []


Overfull \hbox (160.37985pt too wide) in paragraph at lines 1644--1644
[]\OT1/cmtt/m/n/12 //                                                   the sea
rch distance to associate a hit to a track[] 
 []


Overfull \hbox (185.07986pt too wide) in paragraph at lines 1644--1644
[]\OT1/cmtt/m/n/12 //                                                   the sea
rch distance to associate a hit to a pre-track[] 
 []


Overfull \hbox (154.20485pt too wide) in paragraph at lines 1644--1644
[]\OT1/cmtt/m/n/12 //                                                   the sea
rch distance of hits to build a pre-track[] 
 []


Overfull \hbox (290.05492pt too wide) in paragraph at lines 1644--1644
[]\OT1/cmtt/m/n/12 //                                                   the sea
rch distance between hits and pre-track to build the full-track[] 
 []


Overfull \hbox (104.80482pt too wide) in paragraph at lines 1644--1644
[]\OT1/cmtt/m/n/12 //                                                   use the
 track slope to extrapolate track[] 
 []


Overfull \hbox (246.8299pt too wide) in paragraph at lines 1644--1644
[]\OT1/cmtt/m/n/12 // TrackingPlaneOrderType  = [optional for TracksFinder=1]  
(int) {0} Try to make a track with looking on planes ...[] 
 []


Overfull \hbox (123.32983pt too wide) in paragraph at lines 1644--1644
[]\OT1/cmtt/m/n/12 //                                                   0 in th
e same order than in the config file[] 
 []


Overfull \hbox (61.5798pt too wide) in paragraph at lines 1644--1644
[]\OT1/cmtt/m/n/12 //                                                   1 order
ed with the status (0,1,2)[] 
 []


Overfull \hbox (129.50484pt too wide) in paragraph at lines 1644--1644
[]\OT1/cmtt/m/n/12 //                                                  number o
f lines like TrackingOrderLine1, ...,[] 
 []


Overfull \hbox (172.72986pt too wide) in paragraph at lines 1644--1644
[]\OT1/cmtt/m/n/12 //                            definition : TrackingOrderLine
N:   [P#] {P1 P2 P3 ...} [P#] {P6 P7 P8 ...}[] 
 []


Overfull \hbox (92.45482pt too wide) in paragraph at lines 1644--1644
[]\OT1/cmtt/m/n/12 //                               example :  TrackingOrderLin
e1:   [3] {5 6 7} [4] {1 2 3 4}[] 
 []


Overfull \hbox (135.67984pt too wide) in paragraph at lines 1644--1644
[]\OT1/cmtt/m/n/12 //                                 means : There is [3] plan
es to build a pre-track    : 5,6 and 7[] 
 []


Overfull \hbox (148.02985pt too wide) in paragraph at lines 1644--1644
[]\OT1/cmtt/m/n/12 //                                              and [4] plan
es to build the full-track : 1,2,3 and 4[] 
 []


Overfull \hbox (67.7548pt too wide) in paragraph at lines 1644--1644
[]\OT1/cmtt/m/n/12 //                                                  number o
f pass of the tracking algo[] 
 []


Overfull \hbox (314.75493pt too wide) in paragraph at lines 1644--1644
[]\OT1/cmtt/m/n/12 // SubtrackNplanes         = [optional] {0}: if non-zero ind
icates that each track will be refitted with a subset of the planes[] 
 []


Overfull \hbox (259.1799pt too wide) in paragraph at lines 1644--1644
[]\OT1/cmtt/m/n/12 // SubtrackPlanes          = [MANDATORY if SubtrackNplanes!=
0] list of planes (separated by ":" to be used by subtrack[] 
 []


Overfull \hbox (92.45482pt too wide) in paragraph at lines 1644--1644
[]\OT1/cmtt/m/n/12 // VertexConstraint        = [optional]  (int) {0}   use a v
ertex constraint to start track[] 
 []

[33]
Overfull \hbox (283.87991pt too wide) in paragraph at lines 1644--1644
[]\OT1/cmtt/m/n/12 // EventsForAlignmentFit   = [optional]  (int) {0}   the nb 
pairs (track-hit) for one iteration of the alignment procedure[] 
 []


Overfull \hbox (24.52979pt too wide) in paragraph at lines 1644--1644
[]\OT1/cmtt/m/n/12 // #########################################################
####################[] 
 []


Overfull \hbox (24.52979pt too wide) in paragraph at lines 1644--1644
[]\OT1/cmtt/m/n/12 // #########################################################
####################[] 
 []


Overfull \hbox (172.72986pt too wide) in paragraph at lines 1644--1644
[]\OT1/cmtt/m/n/12 // LadderName          = [MANDATORY] (char), name AND type o
f the ladder, used to define plane positions[] 
 []


Overfull \hbox (36.87979pt too wide) in paragraph at lines 1644--1644
[]\OT1/cmtt/m/n/12 // NbOfPlanes          = [MANDATORY] (int), nb of planes ass
ociated to this ladder[] 
 []


Overfull \hbox (185.07986pt too wide) in paragraph at lines 1644--1644
[]\OT1/cmtt/m/n/12 //  IncludedPlane   = [MANDATORY if "Custom"] (int) the plan
e number as defined later in the configuration[] 
 []


Overfull \hbox (172.72986pt too wide) in paragraph at lines 1644--1644
[]\OT1/cmtt/m/n/12 //  PlaneShiftU,V,W = [MANDATORY if "Custom"] (float,mm) rel
ative shifts of this plane wrt ladder center[] 
 []


Overfull \hbox (172.72986pt too wide) in paragraph at lines 1644--1644
[]\OT1/cmtt/m/n/12 //  PlaneTiltU,V,W  = [MANDATORY if "Custom"] (float,deg) re
lative tilts of this plane wrt ladder center[] 
 []


Overfull \hbox (24.52979pt too wide) in paragraph at lines 1644--1644
[]\OT1/cmtt/m/n/12 // #########################################################
####################[] 
 []


Overfull \hbox (24.52979pt too wide) in paragraph at lines 1644--1644
[]\OT1/cmtt/m/n/12 // #########################################################
####################[] 
 []


Overfull \hbox (185.07986pt too wide) in paragraph at lines 1644--1644
[]\OT1/cmtt/m/n/12 // Inputs          = [MANDATORY] (int), 1st parameter = numb
er of inputs needed to build all the channels,[] 
 []


Overfull \hbox (18.35478pt too wide) in paragraph at lines 1644--1644
[]\OT1/cmtt/m/n/12 //      ModuleType    = [MANDATORY] (int) index for the desi
red type of modules[] 
 []


Overfull \hbox (24.52979pt too wide) in paragraph at lines 1644--1644
[]\OT1/cmtt/m/n/12 //                      according to the declaration order i
n Acquisition module[] 
 []


Overfull \hbox (18.35478pt too wide) in paragraph at lines 1644--1644
[]\OT1/cmtt/m/n/12 //      ModuleNumber  = [MANDATORY] (int) id in the set of m
odules of this type[] 
 []


Overfull \hbox (6.00478pt too wide) in paragraph at lines 1644--1644
[]\OT1/cmtt/m/n/12 //      InputNumber   = [MANDATORY] (int) id of the input of
 this module used[] 
 []


Overfull \hbox (18.35478pt too wide) in paragraph at lines 1644--1644
[]\OT1/cmtt/m/n/12 //      ChannelOffset = [optional] (int) {1} first channel i
n the input related[] 
 []


Overfull \hbox (49.2298pt too wide) in paragraph at lines 1644--1644
[]\OT1/cmtt/m/n/12 //      Channels      = [MANDATORY] (int) number of channels
 to read from this input[] 
 []

[34]
Overfull \hbox (24.52979pt too wide) in paragraph at lines 1644--1644
[]\OT1/cmtt/m/n/12 // ParentLadder      = [optional] (int) indicate if the plan
e belong to a ladder[] 
 []


Overfull \hbox (73.92981pt too wide) in paragraph at lines 1644--1644
[]\OT1/cmtt/m/n/12 //   FakeRateCut     = [MANDATORY if HotPixelMapFile] (float
) Single pixel fake rate cut[] 
 []


Overfull \hbox (36.87979pt too wide) in paragraph at lines 1644--1644
[]\OT1/cmtt/m/n/12 // IfDigitize      = [optional] (int) {0} # thresholds to em
ulate the digitization[] 
 []


Overfull \hbox (36.87979pt too wide) in paragraph at lines 1644--1644
[]\OT1/cmtt/m/n/12 // PositionsXYZ    = [MANDATORY] (3 float,mm) position of th
e center of the plane,[] 
 []


Overfull \hbox (6.00478pt too wide) in paragraph at lines 1644--1644
[]\OT1/cmtt/m/n/12 // StripsUVW       = [MANDATORY] (3 int) # collecting noted 
in all directions[] 
 []

[35]
Overfull \hbox (30.70479pt too wide) in paragraph at lines 1644--1644
[]\OT1/cmtt/m/n/12 //                    size of the sensitive area, set to Pit
chUVW if not provided[] 
 []


Overfull \hbox (49.2298pt too wide) in paragraph at lines 1644--1644
[]\OT1/cmtt/m/n/12 //  coeffLegendreU = [MANDATORY if Deformed==1] (6 floats) v
alues (separated by ":")[] 
 []


Overfull \hbox (12.17978pt too wide) in paragraph at lines 1644--1644
[]\OT1/cmtt/m/n/12 //                    used to parametrize delat_W with respe
ct to U coordinate[] 
 []


Overfull \hbox (61.5798pt too wide) in paragraph at lines 1644--1644
[]\OT1/cmtt/m/n/12 //  coeffLegendreV = [MANDATORY if Deformed==1] (6 floats) 6
 values (separated by ":")[] 
 []


Overfull \hbox (12.17978pt too wide) in paragraph at lines 1644--1644
[]\OT1/cmtt/m/n/12 //                    used to parametrize delat_W with respe
ct to V coordinate[] 
 []


Overfull \hbox (36.87979pt too wide) in paragraph at lines 1644--1644
[]\OT1/cmtt/m/n/12 // Status            = [MANDATORY] controls how this plane i
s used by the tracking[] 
 []


Overfull \hbox (18.35478pt too wide) in paragraph at lines 1644--1644
[]\OT1/cmtt/m/n/12 //                 0 = Primary Reference, never aligned and 
used as track seed,[] 
 []


Overfull \hbox (92.45482pt too wide) in paragraph at lines 1644--1644
[]\OT1/cmtt/m/n/12 //                 1 = Primary Reference, never aligned and 
used in tracking (not for seed)[] 
 []


Overfull \hbox (67.7548pt too wide) in paragraph at lines 1644--1644
[]\OT1/cmtt/m/n/12 //                 2 = Secondary Reference, aligned and used
 in tracking (not for seed)[] 
 []


Overfull \hbox (36.87979pt too wide) in paragraph at lines 1644--1644
[]\OT1/cmtt/m/n/12 //                 3 = Device Under Test (DUT), aligned but 
never used in tracking[] 
 []


Overfull \hbox (55.4048pt too wide) in paragraph at lines 1644--1644
[]\OT1/cmtt/m/n/12 //                   2 -> cog based with search radius, requ
ires additional parameter[] 
 []


Overfull \hbox (30.70479pt too wide) in paragraph at lines 1644--1644
[]\OT1/cmtt/m/n/12 // MaxNStrips        = [optional] (int) {1000} maximal #stri
ps allowed in cluster[] 
 []


Overfull \hbox (55.4048pt too wide) in paragraph at lines 1644--1644
[]\OT1/cmtt/m/n/12 //                     (corrected or set automaticaly by DCu
t depending on HitFinder)[] 
 []


Overfull \hbox (18.35478pt too wide) in paragraph at lines 1644--1644
[]\OT1/cmtt/m/n/12 // MinNStrips        = [optional] (int) {1} minimal #strips 
required in cluster[] 
 []


Overfull \hbox (55.4048pt too wide) in paragraph at lines 1644--1644
[]\OT1/cmtt/m/n/12 //                     (corrected or set automaticaly by DCu
t depending on HitFinder)[] 
 []


Overfull \hbox (12.17978pt too wide) in paragraph at lines 1644--1644
[]\OT1/cmtt/m/n/12 // ClusterLimitU     = [MANDATORY if HitFinder!=2] (float,um
) maximal distance[] 
 []


Overfull \hbox (12.17978pt too wide) in paragraph at lines 1644--1644
[]\OT1/cmtt/m/n/12 // ClusterLimitRadius= [MANDATORY if HitFinder==2] (float,um
) maximal distance[] 
 []


Overfull \hbox (43.0548pt too wide) in paragraph at lines 1644--1644
[]\OT1/cmtt/m/n/12 //                     between the center of gravity and any
 other pixel in the hit[] 
 []

[36]
Overfull \hbox (73.92981pt too wide) in paragraph at lines 1644--1644
[]\OT1/cmtt/m/n/12 // PlaneResolution   = [optional] (float,um) expected plane 
resolution in both direction[] 
 []


Overfull \hbox (55.4048pt too wide) in paragraph at lines 1644--1644
[]\OT1/cmtt/m/n/12 // PlaneResolutionU  = [optional] (float,um) expected plane 
resolution in U direction[] 
 []


Overfull \hbox (55.4048pt too wide) in paragraph at lines 1644--1644
[]\OT1/cmtt/m/n/12 // PlaneResolutionV  = [optional] (float,um) expected plane 
resolution in V direction[] 
 []


Overfull \hbox (24.52979pt too wide) in paragraph at lines 1644--1644
[]\OT1/cmtt/m/n/12 // #########################################################
####################[] 
 []


Overfull \hbox (24.52979pt too wide) in paragraph at lines 1644--1644
[]\OT1/cmtt/m/n/12 // #########################################################
####################[] 
 []


Overfull \hbox (18.35478pt too wide) in paragraph at lines 1644--1644
[]\OT1/cmtt/m/n/12 // EventBuildingMode  = [obsolote] (int) {0} replaced by Eve
ntBuildingBoardMode[] 
 []


Overfull \hbox (12.17978pt too wide) in paragraph at lines 1644--1644
[]\OT1/cmtt/m/n/12 // BinaryCoding       = [optional] (int) {0} 0 for one Endia
n, 1 for the other[] 
 []


Overfull \hbox (24.52979pt too wide) in paragraph at lines 1644--1644
[]\OT1/cmtt/m/n/12 // #########################################################
####################[] 
 []


Overfull \hbox (24.52979pt too wide) in paragraph at lines 1644--1644
[]\OT1/cmtt/m/n/12 // #########################################################
####################[] 
 []


Overfull \hbox (24.52979pt too wide) in paragraph at lines 1644--1644
[]\OT1/cmtt/m/n/12 //                        known types: "IMG", "TNT", "PXI", 
"PXIe", "GIG", "VME"[] 
 []


Overfull \hbox (36.87979pt too wide) in paragraph at lines 1644--1644
[]\OT1/cmtt/m/n/12 // Type                  = [MANDATORY] (int) unique identifi
er for the module type[] 
 []


Overfull \hbox (6.00478pt too wide) in paragraph at lines 1644--1644
[]\OT1/cmtt/m/n/12 // Devices               = [MANDATORY] (int) # module instan
ces of this type,[] 
 []


Overfull \hbox (104.80482pt too wide) in paragraph at lines 1644--1644
[]\OT1/cmtt/m/n/12 // Inputs                = [optional] (int) # identical data
 block (one per sensor typically)[] 
 []


Overfull \hbox (24.52979pt too wide) in paragraph at lines 1644--1644
[]\OT1/cmtt/m/n/12 // Channels              = [optional] (int) # channels in on
e input (data block)[] 
 []


Overfull \hbox (43.0548pt too wide) in paragraph at lines 1644--1644
[]\OT1/cmtt/m/n/12 // Bits                  = [optional] (int) size in bits of 
words to read from file[] 
 []


Overfull \hbox (36.87979pt too wide) in paragraph at lines 1644--1644
[]\OT1/cmtt/m/n/12 // NbOfFramesPerChannel  = [optional] (int) # frames stored 
for each trigger/event[] 
 []

[37]
Overfull \hbox (98.62982pt too wide) in paragraph at lines 1644--1644
[]\OT1/cmtt/m/n/12 //  Inputs             = [MANDATORY] (int) # identical data 
block (one per sensor typically)[] 
 []

[38]
Overfull \hbox (55.4048pt too wide) in paragraph at lines 1644--1644
[]\OT1/cmtt/m/n/12 //  FirstTriggerChannel, LastTriggerChannel, NbOfFramesPerCh
annel, DataFile -> unused[] 
 []


Overfull \hbox (49.2298pt too wide) in paragraph at lines 1644--1644
[]\OT1/cmtt/m/n/12 //  FirstTriggerChannel, LastTriggerChannel NbOfFramesPerCha
nnel, DataFile -> unused[] 
 []


Overfull \hbox (86.27982pt too wide) in paragraph at lines 1644--1644
[]\OT1/cmtt/m/n/12 //  Inputs           = [MANDATORY] (int) # identical data bl
ock (one per sensor typically)[] 
 []


Overfull \hbox (43.0548pt too wide) in paragraph at lines 1644--1644
[]\OT1/cmtt/m/n/12 //  NbOfFramesPerChannel = [MANDATORY] (int) # frames stored
 for each trigger/event[] 
 []


Overfull \hbox (6.00478pt too wide) in paragraph at lines 1644--1644
[]\OT1/cmtt/m/n/12 //  Inputs, Channels, Bits, SignificantBits, EventBuildingBo
ardMode -> unused[] 
 []

[39]
Overfull \hbox (24.52979pt too wide) in paragraph at lines 1644--1644
[]\OT1/cmtt/m/n/12 // #########################################################
####################[] 
 []


Overfull \hbox (24.52979pt too wide) in paragraph at lines 1644--1644
[]\OT1/cmtt/m/n/12 // #########################################################
####################[] 
 []


Overfull \hbox (129.50484pt too wide) in paragraph at lines 1644--1644
[]\OT1/cmtt/m/n/12 // "AnalysisGoal" or "MaxNbOfHits" or "StatisticCells" or "C
msNoiseCut" has to be the first field[] 
 []


Overfull \hbox (80.10481pt too wide) in paragraph at lines 1644--1644
[]\OT1/cmtt/m/n/12 // AnalysisGoal     = [optional] (char) {""} drives type of 
histograms created, could be:[] 
 []


Overfull \hbox (160.37985pt too wide) in paragraph at lines 1644--1644
[]\OT1/cmtt/m/n/12 // CmsNoiseCut      = [optional] (float) {3} upper SNR cut t
o use a pixel value in the CMS computation[] 
 []


Overfull \hbox (86.27982pt too wide) in paragraph at lines 1644--1644
[]\OT1/cmtt/m/n/12 // MaxNbOfHits      = [MANDATORY] (int) max # hits allowed t
o consider events for analysis[] 
 []


Overfull \hbox (86.27982pt too wide) in paragraph at lines 1644--1644
[]\OT1/cmtt/m/n/12 // MinNbOfHits      = [MANDATORY] (int) min # hits allowed t
o consider events for analysis[] 
 []


Overfull \hbox (80.10481pt too wide) in paragraph at lines 1644--1644
[]\OT1/cmtt/m/n/12 // TrackChi2Limit   = [MANDATORY] (float) upper chi2 cut to 
consider a track for analysis[] 
 []


Overfull \hbox (185.07986pt too wide) in paragraph at lines 1644--1644
[]\OT1/cmtt/m/n/12 // MinHitsPerTrack  = [optional] (int) minimum #hits per tra
ck (default is set with PlanesForTrackMinimum)[] 
 []


Overfull \hbox (308.57993pt too wide) in paragraph at lines 1644--1644
[]\OT1/cmtt/m/n/12 // MaxTracksExGeom  = [optional] (int) {-1} inclusive max # 
tracks allowed in the ExGeomatrix below, set to -1 cancel this cut[] 
 []


Overfull \hbox (148.02985pt too wide) in paragraph at lines 1644--1644
[]\OT1/cmtt/m/n/12 // ExGeomatrix      = [optional] (int) {0} geomatrix (of sub
matrix 0) to be used in the previous cut[] 
 []


Overfull \hbox (18.35478pt too wide) in paragraph at lines 1644--1644
[]\OT1/cmtt/m/n/12 // UserFlag         = [optional] (int) whatever you want to 
use in User's stuff[] 
 []


Overfull \hbox (6.00478pt too wide) in paragraph at lines 1644--1644
[]\OT1/cmtt/m/n/12 // HistoChargeRange = [optional] (float) {5000} max charge d
isplayed in histo[] 
 []


Overfull \hbox (141.85484pt too wide) in paragraph at lines 1644--1644
[]\OT1/cmtt/m/n/12 // Submatrices      = [MANDATORY] (int)  # submatrices defin
ed below, at least 1 shall be specified[] 
 []


Overfull \hbox (6.00478pt too wide) in paragraph at lines 1644--1644
[]\OT1/cmtt/m/n/12 //   Matrixtype     = [optional] (int) {1} defines the mappi
ng pixel-position[] 
 []


Overfull \hbox (308.57993pt too wide) in paragraph at lines 1644--1644
[]\OT1/cmtt/m/n/12 //   MaxNofPixelsInCluster = [optional] (int) {0} maximum # 
pixel allowed to consider a cluster for analysis, 0 means not used[] 
 []


Overfull \hbox (197.42987pt too wide) in paragraph at lines 1644--1644
[]\OT1/cmtt/m/n/12 //   MinNofPixelsInCluster = [optional] (int) {1} minimum # 
pixel allowed to consider a cluster for analysis[] 
 []


Overfull \hbox (382.67996pt too wide) in paragraph at lines 1644--1644
[]\OT1/cmtt/m/n/12 //   MinSeedCharge         = [optional] (int) {-1000} minima
l charge on the seed pixel to consider a cluster, units depends on calibration[
] 
 []


Overfull \hbox (308.57993pt too wide) in paragraph at lines 1644--1644
[]\OT1/cmtt/m/n/12 //   MinClusterCharge      = [optional] (int) {-1000} minima
l total charge to consider a cluster, units depends on calibration[] 
 []


Overfull \hbox (370.32996pt too wide) in paragraph at lines 1644--1644
[]\OT1/cmtt/m/n/12 //   MinNeighbourCharge    = [optional] (int) {-1000} minima
l charge on pixels neighbouring the seed pixel, units depends on calibration[] 

 []


Overfull \hbox (148.02985pt too wide) in paragraph at lines 1644--1644
[]\OT1/cmtt/m/n/12 //   MinSeedIndex          = [optional] (int) {0} defines li
mit index of pixels to take into account[] 
 []


Overfull \hbox (148.02985pt too wide) in paragraph at lines 1644--1644
[]\OT1/cmtt/m/n/12 //   MaxSeedIndex          = [optional] (int) {0} defines li
mit index of pixels to take into account[] 
 []


Overfull \hbox (129.50484pt too wide) in paragraph at lines 1644--1644
[]\OT1/cmtt/m/n/12 //   MinSeedCol            = [optional] (int) {0} defines li
mit index of col to take into account[] 
 []


Overfull \hbox (129.50484pt too wide) in paragraph at lines 1644--1644
[]\OT1/cmtt/m/n/12 //   MaxSeedCol            = [optional] (int) {0} defines li
mit index of col to take into account[] 
 []


Overfull \hbox (129.50484pt too wide) in paragraph at lines 1644--1644
[]\OT1/cmtt/m/n/12 //   MinSeedRow            = [optional] (int) {0} defines li
mit index of row to take into account[] 
 []


Overfull \hbox (129.50484pt too wide) in paragraph at lines 1644--1644
[]\OT1/cmtt/m/n/12 //   MaxSeedRow            = [optional] (int) {0} defines li
mit index of row to take into account[] 
 []


Overfull \hbox (148.02985pt too wide) in paragraph at lines 1644--1644
[]\OT1/cmtt/m/n/12 //   Calibration           = [optional] (float) {1.} convers
ion factor between ADCunit and electrons[] 
 []


Overfull \hbox (154.20485pt too wide) in paragraph at lines 1644--1644
[]\OT1/cmtt/m/n/12 //   NoiseScope            = [MANDATORY] (float) noise multi
plication factor, if 0. -> noise not used[] 
 []

[40]
Package atveryend Info: Empty hook `BeforeClearDocument' on input line 1648.
 [41]
Package atveryend Info: Empty hook `AfterLastShipout' on input line 1648.
 (./taf_shortDoc.aux)
Package atveryend Info: Empty hook `AtVeryEndDocument' on input line 1648.
Package atveryend Info: Executing hook `AtEndAfterFileList' on input line 1648.

Package rerunfilecheck Info: File `taf_shortDoc.out' has not changed.
(rerunfilecheck)             Checksum: 51AAF998E19DDF8883FCAC75542B83D8;864.


LaTeX Warning: There were undefined references.

Package atveryend Info: Empty hook `AtVeryVeryEnd' on input line 1648.
 ) 
Here is how much of TeX's memory you used:
 5603 strings out of 493489
 81558 string characters out of 3141350
 183086 words of memory out of 3000000
 8847 multiletter control sequences out of 15000+200000
 12950 words of font info for 48 fonts, out of 3000000 for 9000
 957 hyphenation exceptions out of 8191
 29i,13n,31p,1140b,438s stack positions out of 5000i,500n,10000p,200000b,50000s

Output written on taf_shortDoc.dvi (41 pages, 168816 bytes).
